<?xml version="1.0" encoding="UTF-8"?>
<!-- Generated by org.testng.reporters.JUnitReportReporter -->
<testsuite skipped="0" hostname="K2s-MacBook-Pro-3.local" name="appium.SuiteTruthItemIOS.TestAddMoreRoleIOS" tests="1" failures="0" timestamp="28 Aug 2017 23:05:26 GMT" time="94.215" errors="0">
  <testcase name="TestPrimaryRoleAnd" time="94.215" classname="appium.SuiteTruthItemIOS.TestAddMoreRoleIOS"/>
</testsuite> <!-- appium.SuiteTruthItemIOS.TestAddMoreRoleIOS -->
