<?xml version="1.0" encoding="UTF-8"?>
<!-- Generated by org.testng.reporters.JUnitReportReporter -->
<testsuite skipped="0" hostname="K2s-MacBook-Pro-3.local" name="appium.SuiteTruthItemIOS.TestAddMoreIndustryIOS" tests="1" failures="0" timestamp="28 Aug 2017 22:22:34 GMT" time="106.754" errors="0">
  <testcase name="TestPrimaryRoleAnd" time="106.754" classname="appium.SuiteTruthItemIOS.TestAddMoreIndustryIOS"/>
</testsuite> <!-- appium.SuiteTruthItemIOS.TestAddMoreIndustryIOS -->
