<?xml version="1.0" encoding="UTF-8"?>
<!-- Generated by org.testng.reporters.JUnitReportReporter -->
<testsuite skipped="2" hostname="K2s-MacBook-Pro-3.local" name="appium.SuiteTruthItemIOS.TestAddMoreProductIOS" tests="2" failures="0" timestamp="18 Aug 2017 20:31:22 GMT" time="0.001" errors="0">
  <testcase name="f" time="0.001" classname="appium.SuiteTruthItemIOS.TestAddMoreProductIOS">
    <skipped/>
  </testcase> <!-- f -->
  <testcase name="f" time="0.000" classname="appium.SuiteTruthItemIOS.TestAddMoreProductIOS">
    <skipped/>
  </testcase> <!-- f -->
</testsuite> <!-- appium.SuiteTruthItemIOS.TestAddMoreProductIOS -->
