<?xml version="1.0" encoding="UTF-8"?>
<!-- Generated by org.testng.reporters.JUnitReportReporter -->
<testsuite skipped="0" hostname="K2s-MacBook-Pro-3.local" name="appium.SuiteTruthItemIOS.TestAddMoreProductIOS" tests="1" failures="0" timestamp="28 Aug 2017 22:42:00 GMT" time="136.016" errors="0">
  <testcase name="TestPrimaryRoleAnd" time="136.016" classname="appium.SuiteTruthItemIOS.TestAddMoreProductIOS"/>
</testsuite> <!-- appium.SuiteTruthItemIOS.TestAddMoreProductIOS -->
