<?xml version="1.0" encoding="UTF-8"?>
<!-- Generated by org.testng.reporters.JUnitReportReporter -->
<testsuite skipped="0" hostname="K2s-MacBook-Pro-3.local" name="appium.SuiteLogin.AllowAccess" tests="1" failures="0" timestamp="28 Jul 2017 23:13:21 GMT" time="46.029" errors="0">
  <testcase name="emailLogin" time="46.029" classname="appium.SuiteLogin.AllowAccess"/>
</testsuite> <!-- appium.SuiteLogin.AllowAccess -->
