<?xml version="1.0" encoding="UTF-8"?>
<!-- Generated by org.testng.reporters.JUnitReportReporter -->
<testsuite skipped="0" hostname="K2s-MacBook-Pro-3.local" name="appium.SuiteTruthItemIOS.NewAnswerQ1IOS" tests="1" failures="0" timestamp="28 Aug 2017 22:24:54 GMT" time="96.878" errors="0">
  <testcase name="TestPrimaryRoleAnd" time="96.878" classname="appium.SuiteTruthItemIOS.NewAnswerQ1IOS"/>
</testsuite> <!-- appium.SuiteTruthItemIOS.NewAnswerQ1IOS -->
