<?xml version="1.0" encoding="UTF-8"?>
<!-- Generated by org.testng.reporters.JUnitReportReporter -->
<testsuite skipped="0" hostname="K2s-MacBook-Pro-3.local" name="appium.SuiteTruthItemAndroid.TestPrimaryRoleAndroid" tests="1" failures="0" timestamp="18 Aug 2017 13:57:53 GMT" time="50.806" errors="0">
  <testcase name="TestPrimaryRoleAnd" time="50.806" classname="appium.SuiteTruthItemAndroid.TestPrimaryRoleAndroid"/>
</testsuite> <!-- appium.SuiteTruthItemAndroid.TestPrimaryRoleAndroid -->
