<?xml version="1.0" encoding="UTF-8"?>
<!-- Generated by org.testng.reporters.JUnitReportReporter -->
<testsuite skipped="0" hostname="K2s-MacBook-Pro-3.local" name="appium.SuiteTruthItemIOS.NewAnswerQ3IOS" tests="1" failures="0" timestamp="28 Aug 2017 16:19:45 GMT" time="78.897" errors="0">
  <testcase name="TestPrimaryRoleAnd" time="78.897" classname="appium.SuiteTruthItemIOS.NewAnswerQ3IOS"/>
</testsuite> <!-- appium.SuiteTruthItemIOS.NewAnswerQ3IOS -->
