<?xml version="1.0" encoding="UTF-8"?>
<!-- Generated by org.testng.reporters.JUnitReportReporter -->
<testsuite skipped="0" hostname="K2s-MacBook-Pro-3.local" name="appium.SuiteTruthItemAndroid.TestChangePrimaryIndAndroid" tests="1" failures="0" timestamp="18 Aug 2017 16:42:41 GMT" time="49.497" errors="0">
  <testcase name="TestPrimaryRoleAnd" time="49.497" classname="appium.SuiteTruthItemAndroid.TestChangePrimaryIndAndroid"/>
</testsuite> <!-- appium.SuiteTruthItemAndroid.TestChangePrimaryIndAndroid -->
