<?xml version="1.0" encoding="UTF-8"?>
<!-- Generated by org.testng.reporters.JUnitReportReporter -->
<testsuite skipped="1" hostname="K2s-MacBook-Pro-3.local" name="appium.SuiteLoginIOS.ForgotPasswordIOS" tests="1" failures="0" timestamp="18 Aug 2017 20:31:22 GMT" time="0.000" errors="0">
  <testcase name="emailLogin" time="0.000" classname="appium.SuiteLoginIOS.ForgotPasswordIOS">
    <skipped/>
  </testcase> <!-- emailLogin -->
</testsuite> <!-- appium.SuiteLoginIOS.ForgotPasswordIOS -->
