<?xml version="1.0" encoding="UTF-8"?>
<!-- Generated by org.testng.reporters.JUnitReportReporter -->
<testsuite skipped="0" hostname="K2s-MacBook-Pro-3.local" name="appium.SuiteLogin.LoginEmailIOS" tests="1" failures="0" timestamp="28 Jul 2017 17:18:31 GMT" time="39.848" errors="0">
  <testcase name="emailLogin" time="39.848" classname="appium.SuiteLogin.LoginEmailIOS"/>
</testsuite> <!-- appium.SuiteLogin.LoginEmailIOS -->
