<?xml version="1.0" encoding="UTF-8"?>
<!-- Generated by org.testng.reporters.JUnitReportReporter -->
<testsuite skipped="0" hostname="K2s-MacBook-Pro-3.local" name="appium.SuiteTruthItemAndroid.TruthItemListAndroid" tests="1" failures="0" timestamp="17 Aug 2017 20:16:50 GMT" time="49.006" errors="0">
  <testcase name="TruthItemListAnd" time="49.006" classname="appium.SuiteTruthItemAndroid.TruthItemListAndroid"/>
</testsuite> <!-- appium.SuiteTruthItemAndroid.TruthItemListAndroid -->
