<?xml version="1.0" encoding="UTF-8"?>
<!-- Generated by org.testng.reporters.JUnitReportReporter -->
<testsuite skipped="0" hostname="K2s-MacBook-Pro-3.local" name="appium.SuiteTruthItemAndroid.TestChangePrimaryProdAndroid" tests="1" failures="0" timestamp="18 Aug 2017 20:45:44 GMT" time="48.217" errors="0">
  <testcase name="TestPrimaryRoleAnd" time="48.217" classname="appium.SuiteTruthItemAndroid.TestChangePrimaryProdAndroid"/>
</testsuite> <!-- appium.SuiteTruthItemAndroid.TestChangePrimaryProdAndroid -->
