<?xml version="1.0" encoding="UTF-8"?>
<!-- Generated by org.testng.reporters.JUnitReportReporter -->
<testsuite skipped="0" hostname="K2s-MacBook-Pro-3.local" name="appium.SuiteTruthItemAndroid.TestAddMoreTechAndroid" tests="1" failures="0" timestamp="23 Aug 2017 03:02:35 GMT" time="73.050" errors="0">
  <testcase name="TestPrimaryRoleAnd" time="73.050" classname="appium.SuiteTruthItemAndroid.TestAddMoreTechAndroid"/>
</testsuite> <!-- appium.SuiteTruthItemAndroid.TestAddMoreTechAndroid -->
