<?xml version="1.0" encoding="UTF-8"?>
<!-- Generated by org.testng.reporters.JUnitReportReporter -->
<testsuite skipped="0" hostname="K2s-MacBook-Pro-3.local" name="appium.SuiteLoginIOS.LoginEmailIOS" tests="1" failures="0" timestamp="03 Aug 2017 17:55:41 GMT" time="50.196" errors="0">
  <testcase name="emailLogin" time="50.196" classname="appium.SuiteLoginIOS.LoginEmailIOS"/>
</testsuite> <!-- appium.SuiteLoginIOS.LoginEmailIOS -->
