<?xml version="1.0" encoding="UTF-8"?>
<!-- Generated by org.testng.reporters.JUnitReportReporter -->
<testsuite skipped="1" hostname="K2s-MacBook-Pro-3.local" name="appium.SuiteLoginAndroid.LoginEmailAndroid" tests="1" failures="0" timestamp="18 Aug 2017 20:31:22 GMT" time="0.000" errors="0">
  <testcase name="emailLoginAndroid" time="0.000" classname="appium.SuiteLoginAndroid.LoginEmailAndroid">
    <skipped/>
  </testcase> <!-- emailLoginAndroid -->
</testsuite> <!-- appium.SuiteLoginAndroid.LoginEmailAndroid -->
