<?xml version="1.0" encoding="UTF-8"?>
<!-- Generated by org.testng.reporters.JUnitReportReporter -->
<testsuite skipped="0" hostname="K2s-MacBook-Pro-3.local" name="appium.SuiteTruthItemAndroid.NewAnswerQ3Android" tests="1" failures="0" timestamp="24 Aug 2017 17:32:38 GMT" time="70.259" errors="0">
  <testcase name="TestPrimaryRoleAnd" time="70.259" classname="appium.SuiteTruthItemAndroid.NewAnswerQ3Android"/>
</testsuite> <!-- appium.SuiteTruthItemAndroid.NewAnswerQ3Android -->
