<?xml version="1.0" encoding="UTF-8"?>
<!-- Generated by org.testng.reporters.JUnitReportReporter -->
<testsuite skipped="0" hostname="K2s-MacBook-Pro-3.local" name="appium.SuiteTruthItemAndroid.TruthItemTestEnvironment" tests="1" failures="0" timestamp="11 Aug 2017 01:35:47 GMT" time="163.697" errors="0">
  <testcase name="wizardTruthItemsAndroid" time="163.697" classname="appium.SuiteTruthItemAndroid.TruthItemTestEnvironment"/>
</testsuite> <!-- appium.SuiteTruthItemAndroid.TruthItemTestEnvironment -->
