<?xml version="1.0" encoding="UTF-8"?>
<!-- Generated by org.testng.reporters.JUnitReportReporter -->
<testsuite skipped="0" hostname="K2s-MacBook-Pro-3.local" name="appium.SuiteTruthItemAndroid.NewAnswerQ2Android" tests="1" failures="0" timestamp="24 Aug 2017 17:30:49 GMT" time="68.743" errors="0">
  <testcase name="TestPrimaryRoleAnd" time="68.743" classname="appium.SuiteTruthItemAndroid.NewAnswerQ2Android"/>
</testsuite> <!-- appium.SuiteTruthItemAndroid.NewAnswerQ2Android -->
