<?xml version="1.0" encoding="UTF-8"?>
<!-- Generated by org.testng.reporters.JUnitReportReporter -->
<testsuite skipped="0" hostname="K2s-MacBook-Pro-3.local" name="appium.SuiteTruthItemAndroid.CompleteAnswerQ1Android" tests="1" failures="0" timestamp="23 Aug 2017 18:54:50 GMT" time="53.532" errors="0">
  <testcase name="TestPrimaryRoleAnd" time="53.532" classname="appium.SuiteTruthItemAndroid.CompleteAnswerQ1Android"/>
</testsuite> <!-- appium.SuiteTruthItemAndroid.CompleteAnswerQ1Android -->
