<?xml version="1.0" encoding="UTF-8"?>
<!-- Generated by org.testng.reporters.JUnitReportReporter -->
<testsuite skipped="0" hostname="K2s-MBP-3" name="appium.SuiteLoginAndroid.LoginEmailAndroid" tests="1" failures="0" timestamp="03 Aug 2017 21:15:31 GMT" time="55.793" errors="0">
  <testcase name="emailLoginAndroid" time="55.793" classname="appium.SuiteLoginAndroid.LoginEmailAndroid"/>
</testsuite> <!-- appium.SuiteLoginAndroid.LoginEmailAndroid -->
