<?xml version="1.0" encoding="UTF-8"?>
<!-- Generated by org.testng.reporters.JUnitReportReporter -->
<testsuite skipped="0" hostname="K2s-MacBook-Pro-3.local" name="appium.SuiteLogin.LoginEmailAndroid" tests="1" failures="0" timestamp="31 Jul 2017 18:30:37 GMT" time="52.213" errors="0">
  <testcase name="emailLoginAndroid" time="52.213" classname="appium.SuiteLogin.LoginEmailAndroid"/>
</testsuite> <!-- appium.SuiteLogin.LoginEmailAndroid -->
