<?xml version="1.0" encoding="UTF-8"?>
<!-- Generated by org.testng.reporters.JUnitReportReporter -->
<testsuite skipped="0" hostname="K2s-MacBook-Pro-3.local" name="appium.SuiteTruthItemAndroid.TestChangePrimaryTechAndroid" tests="1" failures="0" timestamp="18 Aug 2017 20:41:09 GMT" time="49.022" errors="0">
  <testcase name="TestPrimaryRoleAnd" time="49.022" classname="appium.SuiteTruthItemAndroid.TestChangePrimaryTechAndroid"/>
</testsuite> <!-- appium.SuiteTruthItemAndroid.TestChangePrimaryTechAndroid -->
