<?xml version="1.0" encoding="UTF-8"?>
<!-- Generated by org.testng.reporters.JUnitReportReporter -->
<testsuite skipped="1" hostname="K2s-MacBook-Pro-3.local" name="appium.SuiteTruthItemIOS.TruthItemTestEnvironmentIOS" tests="1" failures="0" timestamp="18 Aug 2017 20:31:22 GMT" time="0.000" errors="0">
  <testcase name="wizardTruthItemsIOS" time="0.000" classname="appium.SuiteTruthItemIOS.TruthItemTestEnvironmentIOS">
    <skipped/>
  </testcase> <!-- wizardTruthItemsIOS -->
</testsuite> <!-- appium.SuiteTruthItemIOS.TruthItemTestEnvironmentIOS -->
