<?xml version="1.0" encoding="UTF-8"?>
<!-- Generated by org.testng.reporters.JUnitReportReporter -->
<testsuite skipped="0" hostname="K2s-MacBook-Pro-3.local" name="appium.SuiteTruthItemAndroid.TestAddMoreRoleAndroid" tests="1" failures="0" timestamp="23 Aug 2017 01:30:08 GMT" time="68.825" errors="0">
  <testcase name="TestPrimaryRoleAnd" time="68.825" classname="appium.SuiteTruthItemAndroid.TestAddMoreRoleAndroid"/>
</testsuite> <!-- appium.SuiteTruthItemAndroid.TestAddMoreRoleAndroid -->
