<?xml version="1.0" encoding="UTF-8"?>
<!-- Generated by org.testng.reporters.JUnitReportReporter -->
<testsuite skipped="0" hostname="K2s-MacBook-Pro-3.local" name="appium.SuiteTruthItemAndroid.TestProductlistAndroid" tests="1" failures="0" timestamp="25 Aug 2017 13:25:35 GMT" time="47.155" errors="0">
  <testcase name="TruthItemListAnd" time="47.155" classname="appium.SuiteTruthItemAndroid.TestProductlistAndroid"/>
</testsuite> <!-- appium.SuiteTruthItemAndroid.TestProductlistAndroid -->
