<?xml version="1.0" encoding="UTF-8"?>
<!-- Generated by org.testng.reporters.JUnitReportReporter -->
<testsuite skipped="0" hostname="K2s-MacBook-Pro-3.local" name="appium.SuiteTruthItemIOS.NewAnswerQ2IOS" tests="1" failures="0" timestamp="28 Aug 2017 17:06:57 GMT" time="75.910" errors="0">
  <testcase name="TestPrimaryRoleAnd" time="75.910" classname="appium.SuiteTruthItemIOS.NewAnswerQ2IOS"/>
</testsuite> <!-- appium.SuiteTruthItemIOS.NewAnswerQ2IOS -->
