<?xml version="1.0" encoding="UTF-8"?>
<!-- Generated by org.testng.reporters.JUnitReportReporter -->
<testsuite skipped="0" hostname="K2s-MacBook-Pro-3.local" name="appium.SuiteTruthItemAndroid.NewAnswerQ1Android" tests="1" failures="0" timestamp="25 Aug 2017 17:29:00 GMT" time="69.687" errors="0">
  <testcase name="TestPrimaryRoleAnd" time="69.687" classname="appium.SuiteTruthItemAndroid.NewAnswerQ1Android"/>
</testsuite> <!-- appium.SuiteTruthItemAndroid.NewAnswerQ1Android -->
