<?xml version="1.0" encoding="UTF-8"?>
<!-- Generated by org.testng.reporters.JUnitReportReporter -->
<testsuite skipped="0" hostname="K2s-MacBook-Pro-3.local" name="appium.SuiteTruthItemAndroid.TestTechnologylistAndroid" tests="1" failures="0" timestamp="25 Aug 2017 14:06:33 GMT" time="47.599" errors="0">
  <testcase name="TruthItemListAnd" time="47.599" classname="appium.SuiteTruthItemAndroid.TestTechnologylistAndroid"/>
</testsuite> <!-- appium.SuiteTruthItemAndroid.TestTechnologylistAndroid -->
