<?xml version="1.0" encoding="UTF-8"?>
<!-- Generated by org.testng.reporters.JUnitReportReporter -->
<testsuite skipped="0" hostname="K2s-MacBook-Pro-3.local" name="appium.SuiteLoginIOS.AllowAccessIOS" tests="1" failures="0" timestamp="07 Aug 2017 20:25:51 GMT" time="66.473" errors="0">
  <testcase name="emailLogin" time="66.473" classname="appium.SuiteLoginIOS.AllowAccessIOS"/>
</testsuite> <!-- appium.SuiteLoginIOS.AllowAccessIOS -->
