<?xml version="1.0" encoding="UTF-8"?>
<!-- Generated by org.testng.reporters.JUnitReportReporter -->
<testsuite skipped="0" hostname="K2s-MacBook-Pro-3.local" name="appium.SuiteTruthItemAndroid.TestPrimaryProductAndroid" tests="1" failures="0" timestamp="18 Aug 2017 14:14:45 GMT" time="47.625" errors="0">
  <testcase name="TestPrimaryRoleAnd" time="47.625" classname="appium.SuiteTruthItemAndroid.TestPrimaryProductAndroid"/>
</testsuite> <!-- appium.SuiteTruthItemAndroid.TestPrimaryProductAndroid -->
